2026-05-18 23:42:40,676 - INFO - Initiating structural validation checks via testing harness parameters...
2026-05-18 23:42:40,676 - INFO - Executing background crypto asset volume valuation sweep...
2026-05-18 23:42:41,077 - INFO - Ecosystem health summary broadcasted to Discord matrix.
2026-05-18 23:46:26,584 - INFO - Rockefeller Volatility Sentry: Initiating Stream Handshake...
2026-05-18 23:46:27,150 - ERROR - Sentry Error Boundary encountered: Handshake status 404 Not Found -+-+- {'date': 'Tue, 19 May 2026 09:46:27 GMT', 'content-type': 'text/plain', 'content-length': '18', 'connection': 'keep-alive', 'access-control-allow-credentials': 'true', 'access-control-allow-headers': 'Content-Type, Accept-Encoding, Authorization, Accept, Origin, X-Requested-With', 'access-control-allow-methods': 'GET, OPTIONS', 'access-control-allow-origin': '*', 'cf-cache-status': 'DYNAMIC', 'report-to': '{"endpoints":[{"url":"https:\\/\\/a.nel.cloudflare.com\\/report\\/v4?s=KKNSafTMkFmKmKiiRKTrmAlQay%2B0DkVEatkUv%2FKLpmS9yhPAhP%2Bo%2FJhYRbyyL6VBxBa8zyktcvZgDB%2BQybjdrz%2Bcx2hxaXjUJELdRy7ZpoxdTaQ2XnCxY%2FE1zST8XRkdZxJM"}],"group":"cf-nel","max_age":604800}', 'nel': '{"success_fraction":0,"report_to":"cf-nel","max_age":604800}', 'server': 'cloudflare', 'cf-ray': '9fe22cadfc362ed7-HNL'} -+-+- b'404 page not found'
2026-05-18 23:46:27,151 - ERROR - Handshake status 404 Not Found -+-+- {'date': 'Tue, 19 May 2026 09:46:27 GMT', 'content-type': 'text/plain', 'content-length': '18', 'connection': 'keep-alive', 'access-control-allow-credentials': 'true', 'access-control-allow-headers': 'Content-Type, Accept-Encoding, Authorization, Accept, Origin, X-Requested-With', 'access-control-allow-methods': 'GET, OPTIONS', 'access-control-allow-origin': '*', 'cf-cache-status': 'DYNAMIC', 'report-to': '{"endpoints":[{"url":"https:\\/\\/a.nel.cloudflare.com\\/report\\/v4?s=KKNSafTMkFmKmKiiRKTrmAlQay%2B0DkVEatkUv%2FKLpmS9yhPAhP%2Bo%2FJhYRbyyL6VBxBa8zyktcvZgDB%2BQybjdrz%2Bcx2hxaXjUJELdRy7ZpoxdTaQ2XnCxY%2FE1zST8XRkdZxJM"}],"group":"cf-nel","max_age":604800}', 'nel': '{"success_fraction":0,"report_to":"cf-nel","max_age":604800}', 'server': 'cloudflare', 'cf-ray': '9fe22cadfc362ed7-HNL'} -+-+- b'404 page not found' - goodbye
2026-05-18 23:46:27,151 - INFO - Sentry stream disconnected. Forcing reconnect sequence...
2026-05-18 23:46:32,156 - INFO - Rockefeller Volatility Sentry: Initiating Stream Handshake...
2026-05-18 23:46:32,617 - ERROR - Sentry Error Boundary encountered: Handshake status 404 Not Found -+-+- {'date': 'Tue, 19 May 2026 09:46:32 GMT', 'content-type': 'text/plain', 'content-length': '18', 'connection': 'keep-alive', 'access-control-allow-credentials': 'true', 'access-control-allow-headers': 'Content-Type, Accept-Encoding, Authorization, Accept, Origin, X-Requested-With', 'access-control-allow-methods': 'GET, OPTIONS', 'access-control-allow-origin': '*', 'cf-cache-status': 'DYNAMIC', 'report-to': '{"endpoints":[{"url":"https:\\/\\/a.nel.cloudflare.com\\/report\\/v4?s=wK02umeI3Lt2ioPJHSgiLJcEtY5taRrVf7zLhWji8r79HrrNnipbErNAAPTMmS3jwfajsN8DeS5dk0U%2BsOzV3f04pI6oDQvVbrT56jjpXiG3aDtcHlQ2pIRr6B4z7WQgRqrc"}],"group":"cf-nel","max_age":604800}', 'nel': '{"success_fraction":0,"report_to":"cf-nel","max_age":604800}', 'server': 'cloudflare', 'cf-ray': '9fe22cd02ca12217-HNL'} -+-+- b'404 page not found'
2026-05-18 23:46:32,618 - ERROR - Handshake status 404 Not Found -+-+- {'date': 'Tue, 19 May 2026 09:46:32 GMT', 'content-type': 'text/plain', 'content-length': '18', 'connection': 'keep-alive', 'access-control-allow-credentials': 'true', 'access-control-allow-headers': 'Content-Type, Accept-Encoding, Authorization, Accept, Origin, X-Requested-With', 'access-control-allow-methods': 'GET, OPTIONS', 'access-control-allow-origin': '*', 'cf-cache-status': 'DYNAMIC', 'report-to': '{"endpoints":[{"url":"https:\\/\\/a.nel.cloudflare.com\\/report\\/v4?s=wK02umeI3Lt2ioPJHSgiLJcEtY5taRrVf7zLhWji8r79HrrNnipbErNAAPTMmS3jwfajsN8DeS5dk0U%2BsOzV3f04pI6oDQvVbrT56jjpXiG3aDtcHlQ2pIRr6B4z7WQgRqrc"}],"group":"cf-nel","max_age":604800}', 'nel': '{"success_fraction":0,"report_to":"cf-nel","max_age":604800}', 'server': 'cloudflare', 'cf-ray': '9fe22cd02ca12217-HNL'} -+-+- b'404 page not found' - goodbye
2026-05-18 23:46:32,618 - INFO - Sentry stream disconnected. Forcing reconnect sequence...
2026-05-18 23:46:37,622 - INFO - Rockefeller Volatility Sentry: Initiating Stream Handshake...
2026-05-18 23:46:38,334 - ERROR - Sentry Error Boundary encountered: Handshake status 404 Not Found -+-+- {'date': 'Tue, 19 May 2026 09:46:38 GMT', 'content-type': 'text/plain', 'content-length': '18', 'connection': 'keep-alive', 'access-control-allow-credentials': 'true', 'access-control-allow-headers': 'Content-Type, Accept-Encoding, Authorization, Accept, Origin, X-Requested-With', 'access-control-allow-methods': 'GET, OPTIONS', 'access-control-allow-origin': '*', 'cf-cache-status': 'DYNAMIC', 'report-to': '{"endpoints":[{"url":"https:\\/\\/a.nel.cloudflare.com\\/report\\/v4?s=9mB1bDJrdjp41xVvmfoiLgVGZx2hPiN4XtG06tPxp54X4vB%2FCJhj%2F9BNUVKHRENErcVwlt9iUIUpFQoSt09hK2FEsZryQvlRJ2IlUIsRahH2SnIPOe6xkCorQD5zG6DhwC3c"}],"group":"cf-nel","max_age":604800}', 'nel': '{"success_fraction":0,"report_to":"cf-nel","max_age":604800}', 'server': 'cloudflare', 'cf-ray': '9fe22cf1ce73a0bd-HNL'} -+-+- b'404 page not found'
2026-05-18 23:46:38,334 - ERROR - Handshake status 404 Not Found -+-+- {'date': 'Tue, 19 May 2026 09:46:38 GMT', 'content-type': 'text/plain', 'content-length': '18', 'connection': 'keep-alive', 'access-control-allow-credentials': 'true', 'access-control-allow-headers': 'Content-Type, Accept-Encoding, Authorization, Accept, Origin, X-Requested-With', 'access-control-allow-methods': 'GET, OPTIONS', 'access-control-allow-origin': '*', 'cf-cache-status': 'DYNAMIC', 'report-to': '{"endpoints":[{"url":"https:\\/\\/a.nel.cloudflare.com\\/report\\/v4?s=9mB1bDJrdjp41xVvmfoiLgVGZx2hPiN4XtG06tPxp54X4vB%2FCJhj%2F9BNUVKHRENErcVwlt9iUIUpFQoSt09hK2FEsZryQvlRJ2IlUIsRahH2SnIPOe6xkCorQD5zG6DhwC3c"}],"group":"cf-nel","max_age":604800}', 'nel': '{"success_fraction":0,"report_to":"cf-nel","max_age":604800}', 'server': 'cloudflare', 'cf-ray': '9fe22cf1ce73a0bd-HNL'} -+-+- b'404 page not found' - goodbye
2026-05-18 23:46:38,334 - INFO - Sentry stream disconnected. Forcing reconnect sequence...
2026-05-18 23:46:42,996 - INFO - tearing down on exception 
2026-05-18 23:46:48,418 - INFO - Starting execution sweep. Volatility Posture: STABLE | Macro Muted: False
2026-05-18 23:46:49,602 - INFO - Passive anti-noise telemetry logged for suppressed asset: SPY.
2026-05-18 23:46:50,355 - INFO - Passive anti-noise telemetry logged for suppressed asset: BTC/USD.
2026-05-18 23:56:10,051 - INFO - Core execution scan sequence triggered for 2 assets.
2026-05-18 23:56:11,635 - INFO - Passive anti-noise telemetry logged cleanly for filtered asset: /ES.
2026-05-18 23:56:12,719 - INFO - Passive anti-noise telemetry logged cleanly for filtered asset: SPY.
2026-05-19 00:02:02,001 - INFO - Core execution scan sequence triggered for 2 assets.
2026-05-19 00:02:02,002 - ERROR - Missing routing target endpoint for FUTURES channel pipeline.
2026-05-19 00:02:02,002 - ERROR - Missing routing target endpoint for OPTIONS channel pipeline.
2026-05-19 00:02:42,872 - INFO - Core execution scan sequence triggered for 2 assets.
2026-05-19 00:02:42,872 - ERROR - Missing routing target endpoint for FUTURES channel pipeline.
2026-05-19 00:02:42,873 - ERROR - Missing routing target endpoint for OPTIONS channel pipeline.
2026-05-19 00:05:38,133 - INFO - Core execution scan sequence triggered for 2 assets.
2026-05-19 00:05:39,043 - INFO - Successfully routed pristine trade signal alert for /ES to FUTURES webhook.
2026-05-19 00:05:39,434 - INFO - Successfully routed pristine trade signal alert for SPY to OPTIONS webhook.
2026-05-19 07:49:10,456 - INFO - Core execution scan sequence triggered for 2 assets.
2026-05-19 07:49:11,188 - INFO - Successfully routed pristine trade signal alert for /ES to FUTURES webhook.
2026-05-19 07:49:11,681 - INFO - Successfully routed pristine trade signal alert for SPY to OPTIONS webhook.
